<?xml version="1.0" encoding="UTF-8"?>
<!-- Generated by org.testng.reporters.JUnitReportReporter -->
<testsuite skipped="0" hostname="LeovoL420-4" name="leavetestcases.Homepagetest" tests="3" failures="0" timestamp="2019-08-01T16:50:37 IST" time="60.123" errors="0">
  <testcase name="verifyhomepagetitletest" time="22.730" classname="leavetestcases.Homepagetest"/>
  <testcase name="clickapplyleavepagetest" time="22.811" classname="leavetestcases.Homepagetest"/>
  <testcase name="verifyusernametest" time="14.582" classname="leavetestcases.Homepagetest"/>
</testsuite> <!-- leavetestcases.Homepagetest -->
