<?xml version="1.0" encoding="UTF-8"?>
<!-- Generated by org.testng.reporters.JUnitReportReporter -->
<testsuite skipped="0" hostname="LeovoL420-4" name="leavetestcases.Homepagetest" tests="3" failures="0" timestamp="02 Jul 2019 10:27:59 GMT" time="36.326" errors="0">
  <testcase name="verifyhomepagetitletest" time="16.063" classname="leavetestcases.Homepagetest"/>
  <testcase name="verifyusernametest" time="8.815" classname="leavetestcases.Homepagetest"/>
  <testcase name="clickapplyleavepagetest" time="11.448" classname="leavetestcases.Homepagetest"/>
</testsuite> <!-- leavetestcases.Homepagetest -->
