<?xml version="1.0" encoding="UTF-8"?>
<!-- Generated by org.testng.reporters.JUnitReportReporter -->
<testsuite skipped="0" hostname="LeovoL420-4" name="leavetestcases.Loginpagetest" tests="3" failures="0" timestamp="2019-07-25T17:39:48 IST" time="23.521" errors="0">
  <testcase name="logintest" time="11.500" classname="leavetestcases.Loginpagetest"/>
  <testcase name="loginpagetitletest" time="6.094" classname="leavetestcases.Loginpagetest"/>
  <testcase name="stllogoimagetest" time="5.927" classname="leavetestcases.Loginpagetest"/>
</testsuite> <!-- leavetestcases.Loginpagetest -->
