<?xml version="1.0" encoding="UTF-8"?>
<!-- Generated by org.testng.reporters.JUnitReportReporter -->
<testsuite skipped="0" hostname="LeovoL420-4" name="leavetestcases.Loginpagetest" tests="3" failures="0" timestamp="27 Jun 2019 08:16:38 GMT" time="34.340" errors="0">
  <testcase name="loginpagetitletest" time="7.141" classname="leavetestcases.Loginpagetest"/>
  <testcase name="stllogoimagetest" time="6.265" classname="leavetestcases.Loginpagetest"/>
  <testcase name="logintest" time="20.934" classname="leavetestcases.Loginpagetest"/>
</testsuite> <!-- leavetestcases.Loginpagetest -->
