<?xml version="1.0" encoding="UTF-8"?>
<!-- Generated by org.testng.reporters.JUnitReportReporter -->
<testsuite skipped="0" hostname="LeovoL420-4" name="leavetestcases.Applyleavepagetest" tests="5" failures="0" timestamp="2019-08-01T16:50:36 IST" time="144.036" errors="0">
  <testcase name="SelectCasualLeave" time="31.009" classname="leavetestcases.Applyleavepagetest"/>
  <testcase name="EnterDate" time="25.143" classname="leavetestcases.Applyleavepagetest"/>
  <testcase name="WriteDescriptionTest" time="24.877" classname="leavetestcases.Applyleavepagetest"/>
  <testcase name="verifymanangernametest" time="27.397" classname="leavetestcases.Applyleavepagetest"/>
  <testcase name="ApplyCasualLeave" time="35.610" classname="leavetestcases.Applyleavepagetest"/>
</testsuite> <!-- leavetestcases.Applyleavepagetest -->
