<?xml version="1.0" encoding="UTF-8"?>
<!-- Generated by org.testng.reporters.JUnitReportReporter -->
<testsuite skipped="0" hostname="LeovoL420-4" name="leavetestcases.Loginpagetest" tests="3" failures="0" timestamp="2019-08-01T16:50:37 IST" time="29.763" errors="0">
  <testcase name="loginpagetitletest" time="8.239" classname="leavetestcases.Loginpagetest"/>
  <testcase name="stllogoimagetest" time="7.299" classname="leavetestcases.Loginpagetest"/>
  <testcase name="logintest" time="14.225" classname="leavetestcases.Loginpagetest"/>
</testsuite> <!-- leavetestcases.Loginpagetest -->
