<?xml version="1.0" encoding="UTF-8"?>
<!-- Generated by org.testng.reporters.JUnitReportReporter -->
<testsuite skipped="0" hostname="LeovoL420-4" name="leavetestcases.Homepagetest" tests="3" failures="0" timestamp="2019-07-25T17:39:48 IST" time="37.581" errors="0">
  <testcase name="clickapplyleavepagetest" time="14.489" classname="leavetestcases.Homepagetest"/>
  <testcase name="verifyusernametest" time="11.491" classname="leavetestcases.Homepagetest"/>
  <testcase name="verifyhomepagetitletest" time="11.601" classname="leavetestcases.Homepagetest"/>
</testsuite> <!-- leavetestcases.Homepagetest -->
