<?xml version="1.0" encoding="UTF-8"?>
<!-- Generated by org.testng.reporters.JUnitReportReporter -->
<testsuite skipped="0" hostname="LeovoL420-4" name="leavetestcases.Loginpagetest" tests="3" failures="0" timestamp="02 Jul 2019 10:27:59 GMT" time="20.244" errors="0">
  <testcase name="loginpagetitletest" time="5.367" classname="leavetestcases.Loginpagetest"/>
  <testcase name="stllogoimagetest" time="5.614" classname="leavetestcases.Loginpagetest"/>
  <testcase name="logintest" time="9.263" classname="leavetestcases.Loginpagetest"/>
</testsuite> <!-- leavetestcases.Loginpagetest -->
